00:58:34 **** Rebuild of configuration Debug for project Question6 ****
Info: Internal Builder is used for build
gcc -O0 -g3 -Wall -c -fmessage-length=0 -o main6.o "..\\main6.c" 
..\main6.c: In function 'main':
..\main6.c:20:32: warning: format '%d' expects argument of type 'int', but argument 2 has type 'long long unsigned int' [-Wformat=]
   20 |         printf("size of union=%d",sizeof(u));
      |                               ~^  ~~~~~~~~~
      |                                |  |
      |                                |  long long unsigned int
      |                                int
      |                               %lld
..\main6.c:20:32: warning: format '%d' expects argument of type 'int', but argument 2 has type 'long long unsigned int' [-Wformat=]
   20 |         printf("size of union=%d",sizeof(u));
      |                               ~^  ~~~~~~~~~
      |                                |  |
      |                                |  long long unsigned int
      |                                int
      |                               %lld
..\main6.c:21:36: warning: format '%d' expects argument of type 'int', but argument 2 has type 'long long unsigned int' [-Wformat=]
   21 |         printf("size of structure=%d",sizeof(s));
      |                                   ~^  ~~~~~~~~~
      |                                    |  |
      |                                    |  long long unsigned int
      |                                    int
      |                                   %lld
..\main6.c:21:36: warning: format '%d' expects argument of type 'int', but argument 2 has type 'long long unsigned int' [-Wformat=]
   21 |         printf("size of structure=%d",sizeof(s));
      |                                   ~^  ~~~~~~~~~
      |                                    |  |
      |                                    |  long long unsigned int
      |                                    int
      |                                   %lld
gcc -o Question6.exe main6.o 
Info: Nothing to build for Question6
00:58:58 **** Incremental Build of configuration Debug for project Question6 ****
Info: Internal Builder is used for build
gcc -O0 -g3 -Wall -c -fmessage-length=0 -o main6.o "..\\main6.c" 
..\main6.c: In function 'main':
..\main6.c:20:32: warning: format '%d' expects argument of type 'int', but argument 2 has type 'long long unsigned int' [-Wformat=]
   20 |         printf("size of union=%d",sizeof(u));
      |                               ~^  ~~~~~~~~~
      |                                |  |
      |                                |  long long unsigned int
      |                                int
      |                               %lld
..\main6.c:20:32: warning: format '%d' expects argument of type 'int', but argument 2 has type 'long long unsigned int' [-Wformat=]
   20 |         printf("size of union=%d",sizeof(u));
      |                               ~^  ~~~~~~~~~
      |                                |  |
      |                                |  long long unsigned int
      |                                int
      |                               %lld
..\main6.c:21:38: warning: format '%d' expects argument of type 'int', but argument 2 has type 'long long unsigned int' [-Wformat=]
   21 |         printf("\nsize of structure=%d",sizeof(s));
      |                                     ~^  ~~~~~~~~~
      |                                      |  |
      |                                      |  long long unsigned int
      |                                      int
      |                                     %lld
..\main6.c:21:38: warning: format '%d' expects argument of type 'int', but argument 2 has type 'long long unsigned int' [-Wformat=]
   21 |         printf("\nsize of structure=%d",sizeof(s));
      |                                     ~^  ~~~~~~~~~
      |                                      |  |
      |                                      |  long long unsigned int
      |                                      int
      |                                     %lld
gcc -o Question6.exe main6.o 
Info: Nothing to build for Question6
